<?xml version="1.0" encoding="UTF-8"?>
<testsuite xmlns:xsi="http://www.w3.org/2001/XMLSchema-instance" xsi:noNamespaceSchemaLocation="https://maven.apache.org/surefire/maven-surefire-plugin/xsd/surefire-test-report-3.0.xsd" version="3.0" name="org.example.pitpoc.CalculatorTest" time="0.018" tests="10" errors="0" skipped="0" failures="0">
  <properties>
    <property name="java.specification.version" value="24"/>
    <property name="sun.jnu.encoding" value="UTF-8"/>
    <property name="java.class.path" value="/Users/lucasdamaceno/Documents/pocs/java-pocs/pit-poc/target/test-classes:/Users/lucasdamaceno/Documents/pocs/java-pocs/pit-poc/target/classes:/Users/lucasdamaceno/.m2/repository/org/springframework/boot/spring-boot-starter/3.5.5/spring-boot-starter-3.5.5.jar:/Users/lucasdamaceno/.m2/repository/org/springframework/boot/spring-boot/3.5.5/spring-boot-3.5.5.jar:/Users/lucasdamaceno/.m2/repository/org/springframework/spring-context/6.2.10/spring-context-6.2.10.jar:/Users/lucasdamaceno/.m2/repository/org/springframework/spring-aop/6.2.10/spring-aop-6.2.10.jar:/Users/lucasdamaceno/.m2/repository/org/springframework/spring-beans/6.2.10/spring-beans-6.2.10.jar:/Users/lucasdamaceno/.m2/repository/org/springframework/spring-expression/6.2.10/spring-expression-6.2.10.jar:/Users/lucasdamaceno/.m2/repository/io/micrometer/micrometer-observation/1.15.3/micrometer-observation-1.15.3.jar:/Users/lucasdamaceno/.m2/repository/io/micrometer/micrometer-commons/1.15.3/micrometer-commons-1.15.3.jar:/Users/lucasdamaceno/.m2/repository/org/springframework/boot/spring-boot-autoconfigure/3.5.5/spring-boot-autoconfigure-3.5.5.jar:/Users/lucasdamaceno/.m2/repository/org/springframework/boot/spring-boot-starter-logging/3.5.5/spring-boot-starter-logging-3.5.5.jar:/Users/lucasdamaceno/.m2/repository/ch/qos/logback/logback-classic/1.5.18/logback-classic-1.5.18.jar:/Users/lucasdamaceno/.m2/repository/ch/qos/logback/logback-core/1.5.18/logback-core-1.5.18.jar:/Users/lucasdamaceno/.m2/repository/org/apache/logging/log4j/log4j-to-slf4j/2.24.3/log4j-to-slf4j-2.24.3.jar:/Users/lucasdamaceno/.m2/repository/org/apache/logging/log4j/log4j-api/2.24.3/log4j-api-2.24.3.jar:/Users/lucasdamaceno/.m2/repository/org/slf4j/jul-to-slf4j/2.0.17/jul-to-slf4j-2.0.17.jar:/Users/lucasdamaceno/.m2/repository/jakarta/annotation/jakarta.annotation-api/2.1.1/jakarta.annotation-api-2.1.1.jar:/Users/lucasdamaceno/.m2/repository/org/springframework/spring-core/6.2.10/spring-core-6.2.10.jar:/Users/lucasdamaceno/.m2/repository/org/springframework/spring-jcl/6.2.10/spring-jcl-6.2.10.jar:/Users/lucasdamaceno/.m2/repository/org/yaml/snakeyaml/2.4/snakeyaml-2.4.jar:/Users/lucasdamaceno/.m2/repository/org/springframework/boot/spring-boot-starter-test/3.5.5/spring-boot-starter-test-3.5.5.jar:/Users/lucasdamaceno/.m2/repository/org/springframework/boot/spring-boot-test/3.5.5/spring-boot-test-3.5.5.jar:/Users/lucasdamaceno/.m2/repository/org/springframework/boot/spring-boot-test-autoconfigure/3.5.5/spring-boot-test-autoconfigure-3.5.5.jar:/Users/lucasdamaceno/.m2/repository/com/jayway/jsonpath/json-path/2.9.0/json-path-2.9.0.jar:/Users/lucasdamaceno/.m2/repository/org/slf4j/slf4j-api/2.0.17/slf4j-api-2.0.17.jar:/Users/lucasdamaceno/.m2/repository/jakarta/xml/bind/jakarta.xml.bind-api/4.0.2/jakarta.xml.bind-api-4.0.2.jar:/Users/lucasdamaceno/.m2/repository/jakarta/activation/jakarta.activation-api/2.1.3/jakarta.activation-api-2.1.3.jar:/Users/lucasdamaceno/.m2/repository/net/minidev/json-smart/2.5.2/json-smart-2.5.2.jar:/Users/lucasdamaceno/.m2/repository/net/minidev/accessors-smart/2.5.2/accessors-smart-2.5.2.jar:/Users/lucasdamaceno/.m2/repository/org/ow2/asm/asm/9.7.1/asm-9.7.1.jar:/Users/lucasdamaceno/.m2/repository/org/assertj/assertj-core/3.27.4/assertj-core-3.27.4.jar:/Users/lucasdamaceno/.m2/repository/net/bytebuddy/byte-buddy/1.17.7/byte-buddy-1.17.7.jar:/Users/lucasdamaceno/.m2/repository/org/awaitility/awaitility/4.2.2/awaitility-4.2.2.jar:/Users/lucasdamaceno/.m2/repository/org/hamcrest/hamcrest/3.0/hamcrest-3.0.jar:/Users/lucasdamaceno/.m2/repository/org/junit/jupiter/junit-jupiter/5.12.2/junit-jupiter-5.12.2.jar:/Users/lucasdamaceno/.m2/repository/org/junit/jupiter/junit-jupiter-api/5.12.2/junit-jupiter-api-5.12.2.jar:/Users/lucasdamaceno/.m2/repository/org/junit/jupiter/junit-jupiter-params/5.12.2/junit-jupiter-params-5.12.2.jar:/Users/lucasdamaceno/.m2/repository/org/junit/jupiter/junit-jupiter-engine/5.12.2/junit-jupiter-engine-5.12.2.jar:/Users/lucasdamaceno/.m2/repository/org/mockito/mockito-core/5.17.0/mockito-core-5.17.0.jar:/Users/lucasdamaceno/.m2/repository/net/bytebuddy/byte-buddy-agent/1.17.7/byte-buddy-agent-1.17.7.jar:/Users/lucasdamaceno/.m2/repository/org/objenesis/objenesis/3.3/objenesis-3.3.jar:/Users/lucasdamaceno/.m2/repository/org/mockito/mockito-junit-jupiter/5.17.0/mockito-junit-jupiter-5.17.0.jar:/Users/lucasdamaceno/.m2/repository/org/skyscreamer/jsonassert/1.5.3/jsonassert-1.5.3.jar:/Users/lucasdamaceno/.m2/repository/com/vaadin/external/google/android-json/0.0.20131108.vaadin1/android-json-0.0.20131108.vaadin1.jar:/Users/lucasdamaceno/.m2/repository/org/springframework/spring-test/6.2.10/spring-test-6.2.10.jar:/Users/lucasdamaceno/.m2/repository/org/xmlunit/xmlunit-core/2.10.3/xmlunit-core-2.10.3.jar:/Users/lucasdamaceno/.m2/repository/org/junit/platform/junit-platform-launcher/1.12.2/junit-platform-launcher-1.12.2.jar:/Users/lucasdamaceno/.m2/repository/org/junit/platform/junit-platform-engine/1.12.2/junit-platform-engine-1.12.2.jar:/Users/lucasdamaceno/.m2/repository/org/opentest4j/opentest4j/1.3.0/opentest4j-1.3.0.jar:/Users/lucasdamaceno/.m2/repository/org/junit/platform/junit-platform-commons/1.12.2/junit-platform-commons-1.12.2.jar:/Users/lucasdamaceno/.m2/repository/org/apiguardian/apiguardian-api/1.1.2/apiguardian-api-1.1.2.jar:"/>
    <property name="java.vm.vendor" value="Oracle Corporation"/>
    <property name="sun.arch.data.model" value="64"/>
    <property name="java.vendor.url" value="https://java.oracle.com/"/>
    <property name="user.timezone" value="America/Sao_Paulo"/>
    <property name="os.name" value="Mac OS X"/>
    <property name="java.vm.specification.version" value="24"/>
    <property name="APPLICATION_NAME" value="pit-poc"/>
    <property name="sun.java.launcher" value="SUN_STANDARD"/>
    <property name="user.country" value="BR"/>
    <property name="sun.boot.library.path" value="/Users/lucasdamaceno/.sdkman/candidates/java/24-graal/lib"/>
    <property name="sun.java.command" value="/Users/lucasdamaceno/Documents/pocs/java-pocs/pit-poc/target/surefire/surefirebooter-20250905105526095_3.jar /Users/lucasdamaceno/Documents/pocs/java-pocs/pit-poc/target/surefire 2025-09-05T10-55-25_935-jvmRun1 surefire-20250905105526095_1tmp surefire_0-20250905105526095_2tmp"/>
    <property name="http.nonProxyHosts" value="local|*.local|169.254/16|*.169.254/16"/>
    <property name="jdk.debug" value="release"/>
    <property name="surefire.test.class.path" value="/Users/lucasdamaceno/Documents/pocs/java-pocs/pit-poc/target/test-classes:/Users/lucasdamaceno/Documents/pocs/java-pocs/pit-poc/target/classes:/Users/lucasdamaceno/.m2/repository/org/springframework/boot/spring-boot-starter/3.5.5/spring-boot-starter-3.5.5.jar:/Users/lucasdamaceno/.m2/repository/org/springframework/boot/spring-boot/3.5.5/spring-boot-3.5.5.jar:/Users/lucasdamaceno/.m2/repository/org/springframework/spring-context/6.2.10/spring-context-6.2.10.jar:/Users/lucasdamaceno/.m2/repository/org/springframework/spring-aop/6.2.10/spring-aop-6.2.10.jar:/Users/lucasdamaceno/.m2/repository/org/springframework/spring-beans/6.2.10/spring-beans-6.2.10.jar:/Users/lucasdamaceno/.m2/repository/org/springframework/spring-expression/6.2.10/spring-expression-6.2.10.jar:/Users/lucasdamaceno/.m2/repository/io/micrometer/micrometer-observation/1.15.3/micrometer-observation-1.15.3.jar:/Users/lucasdamaceno/.m2/repository/io/micrometer/micrometer-commons/1.15.3/micrometer-commons-1.15.3.jar:/Users/lucasdamaceno/.m2/repository/org/springframework/boot/spring-boot-autoconfigure/3.5.5/spring-boot-autoconfigure-3.5.5.jar:/Users/lucasdamaceno/.m2/repository/org/springframework/boot/spring-boot-starter-logging/3.5.5/spring-boot-starter-logging-3.5.5.jar:/Users/lucasdamaceno/.m2/repository/ch/qos/logback/logback-classic/1.5.18/logback-classic-1.5.18.jar:/Users/lucasdamaceno/.m2/repository/ch/qos/logback/logback-core/1.5.18/logback-core-1.5.18.jar:/Users/lucasdamaceno/.m2/repository/org/apache/logging/log4j/log4j-to-slf4j/2.24.3/log4j-to-slf4j-2.24.3.jar:/Users/lucasdamaceno/.m2/repository/org/apache/logging/log4j/log4j-api/2.24.3/log4j-api-2.24.3.jar:/Users/lucasdamaceno/.m2/repository/org/slf4j/jul-to-slf4j/2.0.17/jul-to-slf4j-2.0.17.jar:/Users/lucasdamaceno/.m2/repository/jakarta/annotation/jakarta.annotation-api/2.1.1/jakarta.annotation-api-2.1.1.jar:/Users/lucasdamaceno/.m2/repository/org/springframework/spring-core/6.2.10/spring-core-6.2.10.jar:/Users/lucasdamaceno/.m2/repository/org/springframework/spring-jcl/6.2.10/spring-jcl-6.2.10.jar:/Users/lucasdamaceno/.m2/repository/org/yaml/snakeyaml/2.4/snakeyaml-2.4.jar:/Users/lucasdamaceno/.m2/repository/org/springframework/boot/spring-boot-starter-test/3.5.5/spring-boot-starter-test-3.5.5.jar:/Users/lucasdamaceno/.m2/repository/org/springframework/boot/spring-boot-test/3.5.5/spring-boot-test-3.5.5.jar:/Users/lucasdamaceno/.m2/repository/org/springframework/boot/spring-boot-test-autoconfigure/3.5.5/spring-boot-test-autoconfigure-3.5.5.jar:/Users/lucasdamaceno/.m2/repository/com/jayway/jsonpath/json-path/2.9.0/json-path-2.9.0.jar:/Users/lucasdamaceno/.m2/repository/org/slf4j/slf4j-api/2.0.17/slf4j-api-2.0.17.jar:/Users/lucasdamaceno/.m2/repository/jakarta/xml/bind/jakarta.xml.bind-api/4.0.2/jakarta.xml.bind-api-4.0.2.jar:/Users/lucasdamaceno/.m2/repository/jakarta/activation/jakarta.activation-api/2.1.3/jakarta.activation-api-2.1.3.jar:/Users/lucasdamaceno/.m2/repository/net/minidev/json-smart/2.5.2/json-smart-2.5.2.jar:/Users/lucasdamaceno/.m2/repository/net/minidev/accessors-smart/2.5.2/accessors-smart-2.5.2.jar:/Users/lucasdamaceno/.m2/repository/org/ow2/asm/asm/9.7.1/asm-9.7.1.jar:/Users/lucasdamaceno/.m2/repository/org/assertj/assertj-core/3.27.4/assertj-core-3.27.4.jar:/Users/lucasdamaceno/.m2/repository/net/bytebuddy/byte-buddy/1.17.7/byte-buddy-1.17.7.jar:/Users/lucasdamaceno/.m2/repository/org/awaitility/awaitility/4.2.2/awaitility-4.2.2.jar:/Users/lucasdamaceno/.m2/repository/org/hamcrest/hamcrest/3.0/hamcrest-3.0.jar:/Users/lucasdamaceno/.m2/repository/org/junit/jupiter/junit-jupiter/5.12.2/junit-jupiter-5.12.2.jar:/Users/lucasdamaceno/.m2/repository/org/junit/jupiter/junit-jupiter-api/5.12.2/junit-jupiter-api-5.12.2.jar:/Users/lucasdamaceno/.m2/repository/org/junit/jupiter/junit-jupiter-params/5.12.2/junit-jupiter-params-5.12.2.jar:/Users/lucasdamaceno/.m2/repository/org/junit/jupiter/junit-jupiter-engine/5.12.2/junit-jupiter-engine-5.12.2.jar:/Users/lucasdamaceno/.m2/repository/org/mockito/mockito-core/5.17.0/mockito-core-5.17.0.jar:/Users/lucasdamaceno/.m2/repository/net/bytebuddy/byte-buddy-agent/1.17.7/byte-buddy-agent-1.17.7.jar:/Users/lucasdamaceno/.m2/repository/org/objenesis/objenesis/3.3/objenesis-3.3.jar:/Users/lucasdamaceno/.m2/repository/org/mockito/mockito-junit-jupiter/5.17.0/mockito-junit-jupiter-5.17.0.jar:/Users/lucasdamaceno/.m2/repository/org/skyscreamer/jsonassert/1.5.3/jsonassert-1.5.3.jar:/Users/lucasdamaceno/.m2/repository/com/vaadin/external/google/android-json/0.0.20131108.vaadin1/android-json-0.0.20131108.vaadin1.jar:/Users/lucasdamaceno/.m2/repository/org/springframework/spring-test/6.2.10/spring-test-6.2.10.jar:/Users/lucasdamaceno/.m2/repository/org/xmlunit/xmlunit-core/2.10.3/xmlunit-core-2.10.3.jar:/Users/lucasdamaceno/.m2/repository/org/junit/platform/junit-platform-launcher/1.12.2/junit-platform-launcher-1.12.2.jar:/Users/lucasdamaceno/.m2/repository/org/junit/platform/junit-platform-engine/1.12.2/junit-platform-engine-1.12.2.jar:/Users/lucasdamaceno/.m2/repository/org/opentest4j/opentest4j/1.3.0/opentest4j-1.3.0.jar:/Users/lucasdamaceno/.m2/repository/org/junit/platform/junit-platform-commons/1.12.2/junit-platform-commons-1.12.2.jar:/Users/lucasdamaceno/.m2/repository/org/apiguardian/apiguardian-api/1.1.2/apiguardian-api-1.1.2.jar:"/>
    <property name="sun.cpu.endian" value="little"/>
    <property name="user.home" value="/Users/lucasdamaceno"/>
    <property name="user.language" value="en"/>
    <property name="java.specification.vendor" value="Oracle Corporation"/>
    <property name="java.version.date" value="2025-03-18"/>
    <property name="java.home" value="/Users/lucasdamaceno/.sdkman/candidates/java/24-graal"/>
    <property name="file.separator" value="/"/>
    <property name="basedir" value="/Users/lucasdamaceno/Documents/pocs/java-pocs/pit-poc"/>
    <property name="java.vm.compressedOopsMode" value="Zero based"/>
    <property name="jdk.internal.vm.ci.enabled" value="true"/>
    <property name="line.separator" value="&#10;"/>
    <property name="java.vm.specification.vendor" value="Oracle Corporation"/>
    <property name="java.specification.name" value="Java Platform API Specification"/>
    <property name="FILE_LOG_CHARSET" value="UTF-8"/>
    <property name="java.awt.headless" value="true"/>
    <property name="apple.awt.application.name" value="ForkedBooter"/>
    <property name="surefire.real.class.path" value="/Users/lucasdamaceno/Documents/pocs/java-pocs/pit-poc/target/surefire/surefirebooter-20250905105526095_3.jar"/>
    <property name="sun.management.compiler" value="HotSpot 64-Bit Tiered Compilers"/>
    <property name="ftp.nonProxyHosts" value="local|*.local|169.254/16|*.169.254/16"/>
    <property name="java.runtime.version" value="24+36-jvmci-b01"/>
    <property name="user.name" value="lucasdamaceno"/>
    <property name="stdout.encoding" value="UTF-8"/>
    <property name="path.separator" value=":"/>
    <property name="os.version" value="15.5"/>
    <property name="java.runtime.name" value="Java(TM) SE Runtime Environment"/>
    <property name="file.encoding" value="UTF-8"/>
    <property name="java.vm.name" value="Java HotSpot(TM) 64-Bit Server VM"/>
    <property name="java.vendor.version" value="Oracle GraalVM 24+36.1"/>
    <property name="localRepository" value="/Users/lucasdamaceno/.m2/repository"/>
    <property name="java.vendor.url.bug" value="https://bugreport.java.com/bugreport/"/>
    <property name="java.io.tmpdir" value="/var/folders/vr/ypqdy8xd17q8jfgsdw5mqbm00000gn/T/"/>
    <property name="java.version" value="24"/>
    <property name="user.dir" value="/Users/lucasdamaceno/Documents/pocs/java-pocs/pit-poc"/>
    <property name="os.arch" value="aarch64"/>
    <property name="java.vm.specification.name" value="Java Virtual Machine Specification"/>
    <property name="PID" value="41327"/>
    <property name="CONSOLE_LOG_CHARSET" value="UTF-8"/>
    <property name="native.encoding" value="UTF-8"/>
    <property name="java.library.path" value="/Users/lucasdamaceno/Library/Java/Extensions:/Library/Java/Extensions:/Network/Library/Java/Extensions:/System/Library/Java/Extensions:/usr/lib/java:."/>
    <property name="java.vm.info" value="mixed mode, sharing"/>
    <property name="stderr.encoding" value="UTF-8"/>
    <property name="java.vendor" value="Oracle Corporation"/>
    <property name="java.vm.version" value="24+36-jvmci-b01"/>
    <property name="sun.io.unicode.encoding" value="UnicodeBig"/>
    <property name="socksNonProxyHosts" value="local|*.local|169.254/16|*.169.254/16"/>
    <property name="java.class.version" value="68.0"/>
    <property name="LOGGED_APPLICATION_NAME" value="[pit-poc] "/>
  </properties>
  <testcase name="testGetGrade" classname="org.example.pitpoc.CalculatorTest" time="0.004">
    <system-out><![CDATA[2025-09-05T10:55:27.092-03:00  INFO 41327 --- [pit-poc] [           main] t.c.s.AnnotationConfigContextLoaderUtils : Could not detect default configuration classes for test class [org.example.pitpoc.CalculatorTest]: CalculatorTest does not declare any static, non-private, non-final, nested classes annotated with @Configuration.
2025-09-05T10:55:27.093-03:00  INFO 41327 --- [pit-poc] [           main] .b.t.c.SpringBootTestContextBootstrapper : Found @SpringBootConfiguration org.example.pitpoc.PitPocApplication for test class org.example.pitpoc.CalculatorTest
]]></system-out>
  </testcase>
  <testcase name="testDivideByZero" classname="org.example.pitpoc.CalculatorTest" time="0.001"/>
  <testcase name="testAdd" classname="org.example.pitpoc.CalculatorTest" time="0.001"/>
  <testcase name="testMax" classname="org.example.pitpoc.CalculatorTest" time="0.001"/>
  <testcase name="testSubtract" classname="org.example.pitpoc.CalculatorTest" time="0.001"/>
  <testcase name="testFactorial" classname="org.example.pitpoc.CalculatorTest" time="0.001"/>
  <testcase name="testDivide" classname="org.example.pitpoc.CalculatorTest" time="0.001"/>
  <testcase name="testMultiply" classname="org.example.pitpoc.CalculatorTest" time="0.001"/>
  <testcase name="testIsEven" classname="org.example.pitpoc.CalculatorTest" time="0.001"/>
  <testcase name="testFactorialNegative" classname="org.example.pitpoc.CalculatorTest" time="0.001"/>
</testsuite>